[2023-09-09 23:23:40] production.ERROR: The file "/home/u758544826/domains/hayfa.app/public_html/core/storagepublic/eventLocal/1694301328.pdf" does not exist {"exception":"[object] (Symfony\\Component\\HttpFoundation\\File\\Exception\\FileNotFoundException(code: 0): The file \"/home/u758544826/domains/hayfa.app/public_html/core/storagepublic/eventLocal/1694301328.pdf\" does not exist at /home/u758544826/domains/hayfa.app/public_html/core/vendor/symfony/http-foundation/File/File.php:36)
[stacktrace]
#0 /home/u758544826/domains/hayfa.app/public_html/core/vendor/symfony/http-foundation/BinaryFileResponse.php(93): Symfony\\Component\\HttpFoundation\\File\\File->__construct()
#1 /home/u758544826/domains/hayfa.app/public_html/core/vendor/symfony/http-foundation/BinaryFileResponse.php(52): Symfony\\Component\\HttpFoundation\\BinaryFileResponse->setFile()
#2 /home/u758544826/domains/hayfa.app/public_html/core/vendor/laravel/framework/src/Illuminate/Routing/ResponseFactory.php(165): Symfony\\Component\\HttpFoundation\\BinaryFileResponse->__construct()
#3 /home/u758544826/domains/hayfa.app/public_html/core/app/Http/Controllers/EventLocalController.php(174): Illuminate\\Routing\\ResponseFactory->download()
#4 /home/u758544826/domains/hayfa.app/public_html/core/vendor/laravel/framework/src/Illuminate/Routing/Controller.php(54): App\\Http\\Controllers\\EventLocalController->download()
#5 /home/u758544826/domains/hayfa.app/public_html/core/vendor/laravel/framework/src/Illuminate/Routing/ControllerDispatcher.php(45): Illuminate\\Routing\\Controller->callAction()
#6 /home/u758544826/domains/hayfa.app/public_html/core/vendor/laravel/framework/src/Illuminate/Routing/Route.php(219): Illuminate\\Routing\\ControllerDispatcher->dispatch()
#7 /home/u758544826/domains/hayfa.app/public_html/core/vendor/laravel/framework/src/Illuminate/Routing/Route.php(176): Illuminate\\Routing\\Route->runController()
#8 /home/u758544826/domains/hayfa.app/public_html/core/vendor/laravel/framework/src/Illuminate/Routing/Router.php(681): Illuminate\\Routing\\Route->run()
#9 /home/u758544826/domains/hayfa.app/public_html/core/vendor/laravel/framework/src/Illuminate/Pipeline/Pipeline.php(130): Illuminate\\Routing\\Router->Illuminate\\Routing\\{closure}()
#10 /home/u758544826/domains/hayfa.app/public_html/core/vendor/laravel/framework/src/Illuminate/Routing/Middleware/SubstituteBindings.php(41): Illuminate\\Pipeline\\Pipeline->Illuminate\\Pipeline\\{closure}()
#11 /home/u758544826/domains/hayfa.app/public_html/core/vendor/laravel/framework/src/Illuminate/Pipeline/Pipeline.php(171): Illuminate\\Routing\\Middleware\\SubstituteBindings->handle()
#12 /home/u758544826/domains/hayfa.app/public_html/core/vendor/laravel/framework/src/Illuminate/Routing/Middleware/ThrottleRequests.php(59): Illuminate\\Pipeline\\Pipeline->Illuminate\\Pipeline\\{closure}()
#13 /home/u758544826/domains/hayfa.app/public_html/core/vendor/laravel/framework/src/Illuminate/Pipeline/Pipeline.php(171): Illuminate\\Routing\\Middleware\\ThrottleRequests->handle()
#14 /home/u758544826/domains/hayfa.app/public_html/core/vendor/laravel/framework/src/Illuminate/Pipeline/Pipeline.php(105): Illuminate\\Pipeline\\Pipeline->Illuminate\\Pipeline\\{closure}()
#15 /home/u758544826/domains/hayfa.app/public_html/core/vendor/laravel/framework/src/Illuminate/Routing/Router.php(683): Illuminate\\Pipeline\\Pipeline->then()
#16 /home/u758544826/domains/hayfa.app/public_html/core/vendor/laravel/framework/src/Illuminate/Routing/Router.php(658): Illuminate\\Routing\\Router->runRouteWithinStack()
#17 /home/u758544826/domains/hayfa.app/public_html/core/vendor/laravel/framework/src/Illuminate/Routing/Router.php(624): Illuminate\\Routing\\Router->runRoute()
#18 /home/u758544826/domains/hayfa.app/public_html/core/vendor/laravel/framework/src/Illuminate/Routing/Router.php(613): Illuminate\\Routing\\Router->dispatchToRoute()
#19 /home/u758544826/domains/hayfa.app/public_html/core/vendor/laravel/framework/src/Illuminate/Foundation/Http/Kernel.php(170): Illuminate\\Routing\\Router->dispatch()
#20 /home/u758544826/domains/hayfa.app/public_html/core/vendor/laravel/framework/src/Illuminate/Pipeline/Pipeline.php(130): Illuminate\\Foundation\\Http\\Kernel->Illuminate\\Foundation\\Http\\{closure}()
#21 /home/u758544826/domains/hayfa.app/public_html/core/vendor/laravel/framework/src/Illuminate/Foundation/Http/Middleware/TransformsRequest.php(21): Illuminate\\Pipeline\\Pipeline->Illuminate\\Pipeline\\{closure}()
#22 /home/u758544826/domains/hayfa.app/public_html/core/vendor/laravel/framework/src/Illuminate/Pipeline/Pipeline.php(171): Illuminate\\Foundation\\Http\\Middleware\\TransformsRequest->handle()
#23 /home/u758544826/domains/hayfa.app/public_html/core/vendor/laravel/framework/src/Illuminate/Foundation/Http/Middleware/TransformsRequest.php(21): Illuminate\\Pipeline\\Pipeline->Illuminate\\Pipeline\\{closure}()
#24 /home/u758544826/domains/hayfa.app/public_html/core/vendor/laravel/framework/src/Illuminate/Pipeline/Pipeline.php(171): Illuminate\\Foundation\\Http\\Middleware\\TransformsRequest->handle()
#25 /home/u758544826/domains/hayfa.app/public_html/core/vendor/laravel/framework/src/Illuminate/Foundation/Http/Middleware/ValidatePostSize.php(27): Illuminate\\Pipeline\\Pipeline->Illuminate\\Pipeline\\{closure}()
#26 /home/u758544826/domains/hayfa.app/public_html/core/vendor/laravel/framework/src/Illuminate/Pipeline/Pipeline.php(171): Illuminate\\Foundation\\Http\\Middleware\\ValidatePostSize->handle()
#27 /home/u758544826/domains/hayfa.app/public_html/core/vendor/laravel/framework/src/Illuminate/Foundation/Http/Middleware/CheckForMaintenanceMode.php(63): Illuminate\\Pipeline\\Pipeline->Illuminate\\Pipeline\\{closure}()
#28 /home/u758544826/domains/hayfa.app/public_html/core/vendor/laravel/framework/src/Illuminate/Pipeline/Pipeline.php(171): Illuminate\\Foundation\\Http\\Middleware\\CheckForMaintenanceMode->handle()
#29 /home/u758544826/domains/hayfa.app/public_html/core/vendor/fideloper/proxy/src/TrustProxies.php(57): Illuminate\\Pipeline\\Pipeline->Illuminate\\Pipeline\\{closure}()
#30 /home/u758544826/domains/hayfa.app/public_html/core/vendor/laravel/framework/src/Illuminate/Pipeline/Pipeline.php(171): Fideloper\\Proxy\\TrustProxies->handle()
#31 /home/u758544826/domains/hayfa.app/public_html/core/vendor/laravel/framework/src/Illuminate/Pipeline/Pipeline.php(105): Illuminate\\Pipeline\\Pipeline->Illuminate\\Pipeline\\{closure}()
#32 /home/u758544826/domains/hayfa.app/public_html/core/vendor/laravel/framework/src/Illuminate/Foundation/Http/Kernel.php(145): Illuminate\\Pipeline\\Pipeline->then()
#33 /home/u758544826/domains/hayfa.app/public_html/core/vendor/laravel/framework/src/Illuminate/Foundation/Http/Kernel.php(110): Illuminate\\Foundation\\Http\\Kernel->sendRequestThroughRouter()
#34 /home/u758544826/domains/hayfa.app/public_html/core/public_html/index.php(59): Illuminate\\Foundation\\Http\\Kernel->handle()
#35 {main}
"} 
[2023-09-09 23:25:12] production.ERROR: The file "/home/u758544826/domains/hayfa.app/public_html/core/storagepublic/eventLocal/1694301328.pdf" does not exist {"exception":"[object] (Symfony\\Component\\HttpFoundation\\File\\Exception\\FileNotFoundException(code: 0): The file \"/home/u758544826/domains/hayfa.app/public_html/core/storagepublic/eventLocal/1694301328.pdf\" does not exist at /home/u758544826/domains/hayfa.app/public_html/core/vendor/symfony/http-foundation/File/File.php:36)
[stacktrace]
#0 /home/u758544826/domains/hayfa.app/public_html/core/vendor/symfony/http-foundation/BinaryFileResponse.php(93): Symfony\\Component\\HttpFoundation\\File\\File->__construct()
#1 /home/u758544826/domains/hayfa.app/public_html/core/vendor/symfony/http-foundation/BinaryFileResponse.php(52): Symfony\\Component\\HttpFoundation\\BinaryFileResponse->setFile()
#2 /home/u758544826/domains/hayfa.app/public_html/core/vendor/laravel/framework/src/Illuminate/Routing/ResponseFactory.php(165): Symfony\\Component\\HttpFoundation\\BinaryFileResponse->__construct()
#3 /home/u758544826/domains/hayfa.app/public_html/core/app/Http/Controllers/EventLocalController.php(174): Illuminate\\Routing\\ResponseFactory->download()
#4 /home/u758544826/domains/hayfa.app/public_html/core/vendor/laravel/framework/src/Illuminate/Routing/Controller.php(54): App\\Http\\Controllers\\EventLocalController->download()
#5 /home/u758544826/domains/hayfa.app/public_html/core/vendor/laravel/framework/src/Illuminate/Routing/ControllerDispatcher.php(45): Illuminate\\Routing\\Controller->callAction()
#6 /home/u758544826/domains/hayfa.app/public_html/core/vendor/laravel/framework/src/Illuminate/Routing/Route.php(219): Illuminate\\Routing\\ControllerDispatcher->dispatch()
#7 /home/u758544826/domains/hayfa.app/public_html/core/vendor/laravel/framework/src/Illuminate/Routing/Route.php(176): Illuminate\\Routing\\Route->runController()
#8 /home/u758544826/domains/hayfa.app/public_html/core/vendor/laravel/framework/src/Illuminate/Routing/Router.php(681): Illuminate\\Routing\\Route->run()
#9 /home/u758544826/domains/hayfa.app/public_html/core/vendor/laravel/framework/src/Illuminate/Pipeline/Pipeline.php(130): Illuminate\\Routing\\Router->Illuminate\\Routing\\{closure}()
#10 /home/u758544826/domains/hayfa.app/public_html/core/vendor/laravel/framework/src/Illuminate/Routing/Middleware/SubstituteBindings.php(41): Illuminate\\Pipeline\\Pipeline->Illuminate\\Pipeline\\{closure}()
#11 /home/u758544826/domains/hayfa.app/public_html/core/vendor/laravel/framework/src/Illuminate/Pipeline/Pipeline.php(171): Illuminate\\Routing\\Middleware\\SubstituteBindings->handle()
#12 /home/u758544826/domains/hayfa.app/public_html/core/vendor/laravel/framework/src/Illuminate/Routing/Middleware/ThrottleRequests.php(59): Illuminate\\Pipeline\\Pipeline->Illuminate\\Pipeline\\{closure}()
#13 /home/u758544826/domains/hayfa.app/public_html/core/vendor/laravel/framework/src/Illuminate/Pipeline/Pipeline.php(171): Illuminate\\Routing\\Middleware\\ThrottleRequests->handle()
#14 /home/u758544826/domains/hayfa.app/public_html/core/vendor/laravel/framework/src/Illuminate/Pipeline/Pipeline.php(105): Illuminate\\Pipeline\\Pipeline->Illuminate\\Pipeline\\{closure}()
#15 /home/u758544826/domains/hayfa.app/public_html/core/vendor/laravel/framework/src/Illuminate/Routing/Router.php(683): Illuminate\\Pipeline\\Pipeline->then()
#16 /home/u758544826/domains/hayfa.app/public_html/core/vendor/laravel/framework/src/Illuminate/Routing/Router.php(658): Illuminate\\Routing\\Router->runRouteWithinStack()
#17 /home/u758544826/domains/hayfa.app/public_html/core/vendor/laravel/framework/src/Illuminate/Routing/Router.php(624): Illuminate\\Routing\\Router->runRoute()
#18 /home/u758544826/domains/hayfa.app/public_html/core/vendor/laravel/framework/src/Illuminate/Routing/Router.php(613): Illuminate\\Routing\\Router->dispatchToRoute()
#19 /home/u758544826/domains/hayfa.app/public_html/core/vendor/laravel/framework/src/Illuminate/Foundation/Http/Kernel.php(170): Illuminate\\Routing\\Router->dispatch()
#20 /home/u758544826/domains/hayfa.app/public_html/core/vendor/laravel/framework/src/Illuminate/Pipeline/Pipeline.php(130): Illuminate\\Foundation\\Http\\Kernel->Illuminate\\Foundation\\Http\\{closure}()
#21 /home/u758544826/domains/hayfa.app/public_html/core/vendor/laravel/framework/src/Illuminate/Foundation/Http/Middleware/TransformsRequest.php(21): Illuminate\\Pipeline\\Pipeline->Illuminate\\Pipeline\\{closure}()
#22 /home/u758544826/domains/hayfa.app/public_html/core/vendor/laravel/framework/src/Illuminate/Pipeline/Pipeline.php(171): Illuminate\\Foundation\\Http\\Middleware\\TransformsRequest->handle()
#23 /home/u758544826/domains/hayfa.app/public_html/core/vendor/laravel/framework/src/Illuminate/Foundation/Http/Middleware/TransformsRequest.php(21): Illuminate\\Pipeline\\Pipeline->Illuminate\\Pipeline\\{closure}()
#24 /home/u758544826/domains/hayfa.app/public_html/core/vendor/laravel/framework/src/Illuminate/Pipeline/Pipeline.php(171): Illuminate\\Foundation\\Http\\Middleware\\TransformsRequest->handle()
#25 /home/u758544826/domains/hayfa.app/public_html/core/vendor/laravel/framework/src/Illuminate/Foundation/Http/Middleware/ValidatePostSize.php(27): Illuminate\\Pipeline\\Pipeline->Illuminate\\Pipeline\\{closure}()
#26 /home/u758544826/domains/hayfa.app/public_html/core/vendor/laravel/framework/src/Illuminate/Pipeline/Pipeline.php(171): Illuminate\\Foundation\\Http\\Middleware\\ValidatePostSize->handle()
#27 /home/u758544826/domains/hayfa.app/public_html/core/vendor/laravel/framework/src/Illuminate/Foundation/Http/Middleware/CheckForMaintenanceMode.php(63): Illuminate\\Pipeline\\Pipeline->Illuminate\\Pipeline\\{closure}()
#28 /home/u758544826/domains/hayfa.app/public_html/core/vendor/laravel/framework/src/Illuminate/Pipeline/Pipeline.php(171): Illuminate\\Foundation\\Http\\Middleware\\CheckForMaintenanceMode->handle()
#29 /home/u758544826/domains/hayfa.app/public_html/core/vendor/fideloper/proxy/src/TrustProxies.php(57): Illuminate\\Pipeline\\Pipeline->Illuminate\\Pipeline\\{closure}()
#30 /home/u758544826/domains/hayfa.app/public_html/core/vendor/laravel/framework/src/Illuminate/Pipeline/Pipeline.php(171): Fideloper\\Proxy\\TrustProxies->handle()
#31 /home/u758544826/domains/hayfa.app/public_html/core/vendor/laravel/framework/src/Illuminate/Pipeline/Pipeline.php(105): Illuminate\\Pipeline\\Pipeline->Illuminate\\Pipeline\\{closure}()
#32 /home/u758544826/domains/hayfa.app/public_html/core/vendor/laravel/framework/src/Illuminate/Foundation/Http/Kernel.php(145): Illuminate\\Pipeline\\Pipeline->then()
#33 /home/u758544826/domains/hayfa.app/public_html/core/vendor/laravel/framework/src/Illuminate/Foundation/Http/Kernel.php(110): Illuminate\\Foundation\\Http\\Kernel->sendRequestThroughRouter()
#34 /home/u758544826/domains/hayfa.app/public_html/core/public_html/index.php(59): Illuminate\\Foundation\\Http\\Kernel->handle()
#35 {main}
"} 
[2023-09-09 23:25:37] production.ERROR: The file "/home/u758544826/domains/hayfa.app/public_html/core/storagepublic/eventLocal/1694301328.pdf" does not exist {"exception":"[object] (Symfony\\Component\\HttpFoundation\\File\\Exception\\FileNotFoundException(code: 0): The file \"/home/u758544826/domains/hayfa.app/public_html/core/storagepublic/eventLocal/1694301328.pdf\" does not exist at /home/u758544826/domains/hayfa.app/public_html/core/vendor/symfony/http-foundation/File/File.php:36)
[stacktrace]
#0 /home/u758544826/domains/hayfa.app/public_html/core/vendor/symfony/http-foundation/BinaryFileResponse.php(93): Symfony\\Component\\HttpFoundation\\File\\File->__construct()
#1 /home/u758544826/domains/hayfa.app/public_html/core/vendor/symfony/http-foundation/BinaryFileResponse.php(52): Symfony\\Component\\HttpFoundation\\BinaryFileResponse->setFile()
#2 /home/u758544826/domains/hayfa.app/public_html/core/vendor/laravel/framework/src/Illuminate/Routing/ResponseFactory.php(165): Symfony\\Component\\HttpFoundation\\BinaryFileResponse->__construct()
#3 /home/u758544826/domains/hayfa.app/public_html/core/app/Http/Controllers/EventLocalController.php(174): Illuminate\\Routing\\ResponseFactory->download()
#4 /home/u758544826/domains/hayfa.app/public_html/core/vendor/laravel/framework/src/Illuminate/Routing/Controller.php(54): App\\Http\\Controllers\\EventLocalController->download()
#5 /home/u758544826/domains/hayfa.app/public_html/core/vendor/laravel/framework/src/Illuminate/Routing/ControllerDispatcher.php(45): Illuminate\\Routing\\Controller->callAction()
#6 /home/u758544826/domains/hayfa.app/public_html/core/vendor/laravel/framework/src/Illuminate/Routing/Route.php(219): Illuminate\\Routing\\ControllerDispatcher->dispatch()
#7 /home/u758544826/domains/hayfa.app/public_html/core/vendor/laravel/framework/src/Illuminate/Routing/Route.php(176): Illuminate\\Routing\\Route->runController()
#8 /home/u758544826/domains/hayfa.app/public_html/core/vendor/laravel/framework/src/Illuminate/Routing/Router.php(681): Illuminate\\Routing\\Route->run()
#9 /home/u758544826/domains/hayfa.app/public_html/core/vendor/laravel/framework/src/Illuminate/Pipeline/Pipeline.php(130): Illuminate\\Routing\\Router->Illuminate\\Routing\\{closure}()
#10 /home/u758544826/domains/hayfa.app/public_html/core/vendor/laravel/framework/src/Illuminate/Routing/Middleware/SubstituteBindings.php(41): Illuminate\\Pipeline\\Pipeline->Illuminate\\Pipeline\\{closure}()
#11 /home/u758544826/domains/hayfa.app/public_html/core/vendor/laravel/framework/src/Illuminate/Pipeline/Pipeline.php(171): Illuminate\\Routing\\Middleware\\SubstituteBindings->handle()
#12 /home/u758544826/domains/hayfa.app/public_html/core/vendor/laravel/framework/src/Illuminate/Routing/Middleware/ThrottleRequests.php(59): Illuminate\\Pipeline\\Pipeline->Illuminate\\Pipeline\\{closure}()
#13 /home/u758544826/domains/hayfa.app/public_html/core/vendor/laravel/framework/src/Illuminate/Pipeline/Pipeline.php(171): Illuminate\\Routing\\Middleware\\ThrottleRequests->handle()
#14 /home/u758544826/domains/hayfa.app/public_html/core/vendor/laravel/framework/src/Illuminate/Pipeline/Pipeline.php(105): Illuminate\\Pipeline\\Pipeline->Illuminate\\Pipeline\\{closure}()
#15 /home/u758544826/domains/hayfa.app/public_html/core/vendor/laravel/framework/src/Illuminate/Routing/Router.php(683): Illuminate\\Pipeline\\Pipeline->then()
#16 /home/u758544826/domains/hayfa.app/public_html/core/vendor/laravel/framework/src/Illuminate/Routing/Router.php(658): Illuminate\\Routing\\Router->runRouteWithinStack()
#17 /home/u758544826/domains/hayfa.app/public_html/core/vendor/laravel/framework/src/Illuminate/Routing/Router.php(624): Illuminate\\Routing\\Router->runRoute()
#18 /home/u758544826/domains/hayfa.app/public_html/core/vendor/laravel/framework/src/Illuminate/Routing/Router.php(613): Illuminate\\Routing\\Router->dispatchToRoute()
#19 /home/u758544826/domains/hayfa.app/public_html/core/vendor/laravel/framework/src/Illuminate/Foundation/Http/Kernel.php(170): Illuminate\\Routing\\Router->dispatch()
#20 /home/u758544826/domains/hayfa.app/public_html/core/vendor/laravel/framework/src/Illuminate/Pipeline/Pipeline.php(130): Illuminate\\Foundation\\Http\\Kernel->Illuminate\\Foundation\\Http\\{closure}()
#21 /home/u758544826/domains/hayfa.app/public_html/core/vendor/laravel/framework/src/Illuminate/Foundation/Http/Middleware/TransformsRequest.php(21): Illuminate\\Pipeline\\Pipeline->Illuminate\\Pipeline\\{closure}()
#22 /home/u758544826/domains/hayfa.app/public_html/core/vendor/laravel/framework/src/Illuminate/Pipeline/Pipeline.php(171): Illuminate\\Foundation\\Http\\Middleware\\TransformsRequest->handle()
#23 /home/u758544826/domains/hayfa.app/public_html/core/vendor/laravel/framework/src/Illuminate/Foundation/Http/Middleware/TransformsRequest.php(21): Illuminate\\Pipeline\\Pipeline->Illuminate\\Pipeline\\{closure}()
#24 /home/u758544826/domains/hayfa.app/public_html/core/vendor/laravel/framework/src/Illuminate/Pipeline/Pipeline.php(171): Illuminate\\Foundation\\Http\\Middleware\\TransformsRequest->handle()
#25 /home/u758544826/domains/hayfa.app/public_html/core/vendor/laravel/framework/src/Illuminate/Foundation/Http/Middleware/ValidatePostSize.php(27): Illuminate\\Pipeline\\Pipeline->Illuminate\\Pipeline\\{closure}()
#26 /home/u758544826/domains/hayfa.app/public_html/core/vendor/laravel/framework/src/Illuminate/Pipeline/Pipeline.php(171): Illuminate\\Foundation\\Http\\Middleware\\ValidatePostSize->handle()
#27 /home/u758544826/domains/hayfa.app/public_html/core/vendor/laravel/framework/src/Illuminate/Foundation/Http/Middleware/CheckForMaintenanceMode.php(63): Illuminate\\Pipeline\\Pipeline->Illuminate\\Pipeline\\{closure}()
#28 /home/u758544826/domains/hayfa.app/public_html/core/vendor/laravel/framework/src/Illuminate/Pipeline/Pipeline.php(171): Illuminate\\Foundation\\Http\\Middleware\\CheckForMaintenanceMode->handle()
#29 /home/u758544826/domains/hayfa.app/public_html/core/vendor/fideloper/proxy/src/TrustProxies.php(57): Illuminate\\Pipeline\\Pipeline->Illuminate\\Pipeline\\{closure}()
#30 /home/u758544826/domains/hayfa.app/public_html/core/vendor/laravel/framework/src/Illuminate/Pipeline/Pipeline.php(171): Fideloper\\Proxy\\TrustProxies->handle()
#31 /home/u758544826/domains/hayfa.app/public_html/core/vendor/laravel/framework/src/Illuminate/Pipeline/Pipeline.php(105): Illuminate\\Pipeline\\Pipeline->Illuminate\\Pipeline\\{closure}()
#32 /home/u758544826/domains/hayfa.app/public_html/core/vendor/laravel/framework/src/Illuminate/Foundation/Http/Kernel.php(145): Illuminate\\Pipeline\\Pipeline->then()
#33 /home/u758544826/domains/hayfa.app/public_html/core/vendor/laravel/framework/src/Illuminate/Foundation/Http/Kernel.php(110): Illuminate\\Foundation\\Http\\Kernel->sendRequestThroughRouter()
#34 /home/u758544826/domains/hayfa.app/public_html/core/public_html/index.php(59): Illuminate\\Foundation\\Http\\Kernel->handle()
#35 {main}
"} 
[2023-09-09 23:26:01] production.ERROR: The file "/home/u758544826/domains/hayfa.app/public_html/core/storage/app/public/eventLocal/1694301328.pdf" does not exist {"exception":"[object] (Symfony\\Component\\HttpFoundation\\File\\Exception\\FileNotFoundException(code: 0): The file \"/home/u758544826/domains/hayfa.app/public_html/core/storage/app/public/eventLocal/1694301328.pdf\" does not exist at /home/u758544826/domains/hayfa.app/public_html/core/vendor/symfony/http-foundation/File/File.php:36)
[stacktrace]
#0 /home/u758544826/domains/hayfa.app/public_html/core/vendor/symfony/http-foundation/BinaryFileResponse.php(93): Symfony\\Component\\HttpFoundation\\File\\File->__construct()
#1 /home/u758544826/domains/hayfa.app/public_html/core/vendor/symfony/http-foundation/BinaryFileResponse.php(52): Symfony\\Component\\HttpFoundation\\BinaryFileResponse->setFile()
#2 /home/u758544826/domains/hayfa.app/public_html/core/vendor/laravel/framework/src/Illuminate/Routing/ResponseFactory.php(165): Symfony\\Component\\HttpFoundation\\BinaryFileResponse->__construct()
#3 /home/u758544826/domains/hayfa.app/public_html/core/app/Http/Controllers/EventLocalController.php(174): Illuminate\\Routing\\ResponseFactory->download()
#4 /home/u758544826/domains/hayfa.app/public_html/core/vendor/laravel/framework/src/Illuminate/Routing/Controller.php(54): App\\Http\\Controllers\\EventLocalController->download()
#5 /home/u758544826/domains/hayfa.app/public_html/core/vendor/laravel/framework/src/Illuminate/Routing/ControllerDispatcher.php(45): Illuminate\\Routing\\Controller->callAction()
#6 /home/u758544826/domains/hayfa.app/public_html/core/vendor/laravel/framework/src/Illuminate/Routing/Route.php(219): Illuminate\\Routing\\ControllerDispatcher->dispatch()
#7 /home/u758544826/domains/hayfa.app/public_html/core/vendor/laravel/framework/src/Illuminate/Routing/Route.php(176): Illuminate\\Routing\\Route->runController()
#8 /home/u758544826/domains/hayfa.app/public_html/core/vendor/laravel/framework/src/Illuminate/Routing/Router.php(681): Illuminate\\Routing\\Route->run()
#9 /home/u758544826/domains/hayfa.app/public_html/core/vendor/laravel/framework/src/Illuminate/Pipeline/Pipeline.php(130): Illuminate\\Routing\\Router->Illuminate\\Routing\\{closure}()
#10 /home/u758544826/domains/hayfa.app/public_html/core/vendor/laravel/framework/src/Illuminate/Routing/Middleware/SubstituteBindings.php(41): Illuminate\\Pipeline\\Pipeline->Illuminate\\Pipeline\\{closure}()
#11 /home/u758544826/domains/hayfa.app/public_html/core/vendor/laravel/framework/src/Illuminate/Pipeline/Pipeline.php(171): Illuminate\\Routing\\Middleware\\SubstituteBindings->handle()
#12 /home/u758544826/domains/hayfa.app/public_html/core/vendor/laravel/framework/src/Illuminate/Routing/Middleware/ThrottleRequests.php(59): Illuminate\\Pipeline\\Pipeline->Illuminate\\Pipeline\\{closure}()
#13 /home/u758544826/domains/hayfa.app/public_html/core/vendor/laravel/framework/src/Illuminate/Pipeline/Pipeline.php(171): Illuminate\\Routing\\Middleware\\ThrottleRequests->handle()
#14 /home/u758544826/domains/hayfa.app/public_html/core/vendor/laravel/framework/src/Illuminate/Pipeline/Pipeline.php(105): Illuminate\\Pipeline\\Pipeline->Illuminate\\Pipeline\\{closure}()
#15 /home/u758544826/domains/hayfa.app/public_html/core/vendor/laravel/framework/src/Illuminate/Routing/Router.php(683): Illuminate\\Pipeline\\Pipeline->then()
#16 /home/u758544826/domains/hayfa.app/public_html/core/vendor/laravel/framework/src/Illuminate/Routing/Router.php(658): Illuminate\\Routing\\Router->runRouteWithinStack()
#17 /home/u758544826/domains/hayfa.app/public_html/core/vendor/laravel/framework/src/Illuminate/Routing/Router.php(624): Illuminate\\Routing\\Router->runRoute()
#18 /home/u758544826/domains/hayfa.app/public_html/core/vendor/laravel/framework/src/Illuminate/Routing/Router.php(613): Illuminate\\Routing\\Router->dispatchToRoute()
#19 /home/u758544826/domains/hayfa.app/public_html/core/vendor/laravel/framework/src/Illuminate/Foundation/Http/Kernel.php(170): Illuminate\\Routing\\Router->dispatch()
#20 /home/u758544826/domains/hayfa.app/public_html/core/vendor/laravel/framework/src/Illuminate/Pipeline/Pipeline.php(130): Illuminate\\Foundation\\Http\\Kernel->Illuminate\\Foundation\\Http\\{closure}()
#21 /home/u758544826/domains/hayfa.app/public_html/core/vendor/laravel/framework/src/Illuminate/Foundation/Http/Middleware/TransformsRequest.php(21): Illuminate\\Pipeline\\Pipeline->Illuminate\\Pipeline\\{closure}()
#22 /home/u758544826/domains/hayfa.app/public_html/core/vendor/laravel/framework/src/Illuminate/Pipeline/Pipeline.php(171): Illuminate\\Foundation\\Http\\Middleware\\TransformsRequest->handle()
#23 /home/u758544826/domains/hayfa.app/public_html/core/vendor/laravel/framework/src/Illuminate/Foundation/Http/Middleware/TransformsRequest.php(21): Illuminate\\Pipeline\\Pipeline->Illuminate\\Pipeline\\{closure}()
#24 /home/u758544826/domains/hayfa.app/public_html/core/vendor/laravel/framework/src/Illuminate/Pipeline/Pipeline.php(171): Illuminate\\Foundation\\Http\\Middleware\\TransformsRequest->handle()
#25 /home/u758544826/domains/hayfa.app/public_html/core/vendor/laravel/framework/src/Illuminate/Foundation/Http/Middleware/ValidatePostSize.php(27): Illuminate\\Pipeline\\Pipeline->Illuminate\\Pipeline\\{closure}()
#26 /home/u758544826/domains/hayfa.app/public_html/core/vendor/laravel/framework/src/Illuminate/Pipeline/Pipeline.php(171): Illuminate\\Foundation\\Http\\Middleware\\ValidatePostSize->handle()
#27 /home/u758544826/domains/hayfa.app/public_html/core/vendor/laravel/framework/src/Illuminate/Foundation/Http/Middleware/CheckForMaintenanceMode.php(63): Illuminate\\Pipeline\\Pipeline->Illuminate\\Pipeline\\{closure}()
#28 /home/u758544826/domains/hayfa.app/public_html/core/vendor/laravel/framework/src/Illuminate/Pipeline/Pipeline.php(171): Illuminate\\Foundation\\Http\\Middleware\\CheckForMaintenanceMode->handle()
#29 /home/u758544826/domains/hayfa.app/public_html/core/vendor/fideloper/proxy/src/TrustProxies.php(57): Illuminate\\Pipeline\\Pipeline->Illuminate\\Pipeline\\{closure}()
#30 /home/u758544826/domains/hayfa.app/public_html/core/vendor/laravel/framework/src/Illuminate/Pipeline/Pipeline.php(171): Fideloper\\Proxy\\TrustProxies->handle()
#31 /home/u758544826/domains/hayfa.app/public_html/core/vendor/laravel/framework/src/Illuminate/Pipeline/Pipeline.php(105): Illuminate\\Pipeline\\Pipeline->Illuminate\\Pipeline\\{closure}()
#32 /home/u758544826/domains/hayfa.app/public_html/core/vendor/laravel/framework/src/Illuminate/Foundation/Http/Kernel.php(145): Illuminate\\Pipeline\\Pipeline->then()
#33 /home/u758544826/domains/hayfa.app/public_html/core/vendor/laravel/framework/src/Illuminate/Foundation/Http/Kernel.php(110): Illuminate\\Foundation\\Http\\Kernel->sendRequestThroughRouter()
#34 /home/u758544826/domains/hayfa.app/public_html/core/public_html/index.php(59): Illuminate\\Foundation\\Http\\Kernel->handle()
#35 {main}
"} 
[2023-09-10 00:29:56] production.INFO: array (
  'name' => 'Flor 1',
  'code' => '1',
  'quantity' => '1',
  'formula' => 'teste',
  'status' => 'true',
  'account_id' => '1',
  'image' => 
  Illuminate\Http\UploadedFile::__set_state(array(
     'test' => false,
     'originalName' => 'insta.png',
     'mimeType' => 'image/png',
     'error' => 0,
     'hashName' => NULL,
  )),
)  
[2023-09-10 00:30:01] production.INFO: array (
  'name' => 'Flor 1',
  'code' => '21',
  'quantity' => '1',
  'formula' => 'teste',
  'status' => 'true',
  'account_id' => '1',
  'image' => 
  Illuminate\Http\UploadedFile::__set_state(array(
     'test' => false,
     'originalName' => 'insta.png',
     'mimeType' => 'image/png',
     'error' => 0,
     'hashName' => NULL,
  )),
)  
[2023-09-10 00:30:01] production.ERROR: SQLSTATE[HY000]: General error: 1364 Field 'category_id' doesn't have a default value (SQL: insert into `stocks` (`image`, `code`, `name`, `quantity`, `formula`, `status`, `type`, `account_id`, `updated_at`, `created_at`) values (/stocksFlowers/1694305801.png, 21, Flor 1, 1, teste, 1, flowers, 1, 2023-09-10 00:30:01, 2023-09-10 00:30:01)) {"exception":"[object] (Illuminate\\Database\\QueryException(code: HY000): SQLSTATE[HY000]: General error: 1364 Field 'category_id' doesn't have a default value (SQL: insert into `stocks` (`image`, `code`, `name`, `quantity`, `formula`, `status`, `type`, `account_id`, `updated_at`, `created_at`) values (/stocksFlowers/1694305801.png, 21, Flor 1, 1, teste, 1, flowers, 1, 2023-09-10 00:30:01, 2023-09-10 00:30:01)) at /home/u758544826/domains/hayfa.app/public_html/core/vendor/laravel/framework/src/Illuminate/Database/Connection.php:669)
[stacktrace]
#0 /home/u758544826/domains/hayfa.app/public_html/core/vendor/laravel/framework/src/Illuminate/Database/Connection.php(629): Illuminate\\Database\\Connection->runQueryCallback()
#1 /home/u758544826/domains/hayfa.app/public_html/core/vendor/laravel/framework/src/Illuminate/Database/Connection.php(464): Illuminate\\Database\\Connection->run()
#2 /home/u758544826/domains/hayfa.app/public_html/core/vendor/laravel/framework/src/Illuminate/Database/Connection.php(416): Illuminate\\Database\\Connection->statement()
#3 /home/u758544826/domains/hayfa.app/public_html/core/vendor/laravel/framework/src/Illuminate/Database/Query/Processors/Processor.php(32): Illuminate\\Database\\Connection->insert()
#4 /home/u758544826/domains/hayfa.app/public_html/core/vendor/laravel/framework/src/Illuminate/Database/Query/Builder.php(2705): Illuminate\\Database\\Query\\Processors\\Processor->processInsertGetId()
#5 /home/u758544826/domains/hayfa.app/public_html/core/vendor/laravel/framework/src/Illuminate/Database/Eloquent/Builder.php(1385): Illuminate\\Database\\Query\\Builder->insertGetId()
#6 /home/u758544826/domains/hayfa.app/public_html/core/vendor/laravel/framework/src/Illuminate/Database/Eloquent/Model.php(840): Illuminate\\Database\\Eloquent\\Builder->__call()
#7 /home/u758544826/domains/hayfa.app/public_html/core/vendor/laravel/framework/src/Illuminate/Database/Eloquent/Model.php(805): Illuminate\\Database\\Eloquent\\Model->insertAndSetId()
#8 /home/u758544826/domains/hayfa.app/public_html/core/vendor/laravel/framework/src/Illuminate/Database/Eloquent/Model.php(668): Illuminate\\Database\\Eloquent\\Model->performInsert()
#9 /home/u758544826/domains/hayfa.app/public_html/core/app/Http/Controllers/StockFlowerController.php(68): Illuminate\\Database\\Eloquent\\Model->save()
#10 /home/u758544826/domains/hayfa.app/public_html/core/vendor/laravel/framework/src/Illuminate/Routing/Controller.php(54): App\\Http\\Controllers\\StockFlowerController->store()
#11 /home/u758544826/domains/hayfa.app/public_html/core/vendor/laravel/framework/src/Illuminate/Routing/ControllerDispatcher.php(45): Illuminate\\Routing\\Controller->callAction()
#12 /home/u758544826/domains/hayfa.app/public_html/core/vendor/laravel/framework/src/Illuminate/Routing/Route.php(219): Illuminate\\Routing\\ControllerDispatcher->dispatch()
#13 /home/u758544826/domains/hayfa.app/public_html/core/vendor/laravel/framework/src/Illuminate/Routing/Route.php(176): Illuminate\\Routing\\Route->runController()
#14 /home/u758544826/domains/hayfa.app/public_html/core/vendor/laravel/framework/src/Illuminate/Routing/Router.php(681): Illuminate\\Routing\\Route->run()
#15 /home/u758544826/domains/hayfa.app/public_html/core/vendor/laravel/framework/src/Illuminate/Pipeline/Pipeline.php(130): Illuminate\\Routing\\Router->Illuminate\\Routing\\{closure}()
#16 /home/u758544826/domains/hayfa.app/public_html/core/vendor/laravel/framework/src/Illuminate/Routing/Middleware/SubstituteBindings.php(41): Illuminate\\Pipeline\\Pipeline->Illuminate\\Pipeline\\{closure}()
#17 /home/u758544826/domains/hayfa.app/public_html/core/vendor/laravel/framework/src/Illuminate/Pipeline/Pipeline.php(171): Illuminate\\Routing\\Middleware\\SubstituteBindings->handle()
#18 /home/u758544826/domains/hayfa.app/public_html/core/vendor/laravel/framework/src/Illuminate/Routing/Middleware/ThrottleRequests.php(59): Illuminate\\Pipeline\\Pipeline->Illuminate\\Pipeline\\{closure}()
#19 /home/u758544826/domains/hayfa.app/public_html/core/vendor/laravel/framework/src/Illuminate/Pipeline/Pipeline.php(171): Illuminate\\Routing\\Middleware\\ThrottleRequests->handle()
#20 /home/u758544826/domains/hayfa.app/public_html/core/vendor/laravel/framework/src/Illuminate/Pipeline/Pipeline.php(105): Illuminate\\Pipeline\\Pipeline->Illuminate\\Pipeline\\{closure}()
#21 /home/u758544826/domains/hayfa.app/public_html/core/vendor/laravel/framework/src/Illuminate/Routing/Router.php(683): Illuminate\\Pipeline\\Pipeline->then()
#22 /home/u758544826/domains/hayfa.app/public_html/core/vendor/laravel/framework/src/Illuminate/Routing/Router.php(658): Illuminate\\Routing\\Router->runRouteWithinStack()
#23 /home/u758544826/domains/hayfa.app/public_html/core/vendor/laravel/framework/src/Illuminate/Routing/Router.php(624): Illuminate\\Routing\\Router->runRoute()
#24 /home/u758544826/domains/hayfa.app/public_html/core/vendor/laravel/framework/src/Illuminate/Routing/Router.php(613): Illuminate\\Routing\\Router->dispatchToRoute()
#25 /home/u758544826/domains/hayfa.app/public_html/core/vendor/laravel/framework/src/Illuminate/Foundation/Http/Kernel.php(170): Illuminate\\Routing\\Router->dispatch()
#26 /home/u758544826/domains/hayfa.app/public_html/core/vendor/laravel/framework/src/Illuminate/Pipeline/Pipeline.php(130): Illuminate\\Foundation\\Http\\Kernel->Illuminate\\Foundation\\Http\\{closure}()
#27 /home/u758544826/domains/hayfa.app/public_html/core/vendor/laravel/framework/src/Illuminate/Foundation/Http/Middleware/TransformsRequest.php(21): Illuminate\\Pipeline\\Pipeline->Illuminate\\Pipeline\\{closure}()
#28 /home/u758544826/domains/hayfa.app/public_html/core/vendor/laravel/framework/src/Illuminate/Pipeline/Pipeline.php(171): Illuminate\\Foundation\\Http\\Middleware\\TransformsRequest->handle()
#29 /home/u758544826/domains/hayfa.app/public_html/core/vendor/laravel/framework/src/Illuminate/Foundation/Http/Middleware/TransformsRequest.php(21): Illuminate\\Pipeline\\Pipeline->Illuminate\\Pipeline\\{closure}()
#30 /home/u758544826/domains/hayfa.app/public_html/core/vendor/laravel/framework/src/Illuminate/Pipeline/Pipeline.php(171): Illuminate\\Foundation\\Http\\Middleware\\TransformsRequest->handle()
#31 /home/u758544826/domains/hayfa.app/public_html/core/vendor/laravel/framework/src/Illuminate/Foundation/Http/Middleware/ValidatePostSize.php(27): Illuminate\\Pipeline\\Pipeline->Illuminate\\Pipeline\\{closure}()
#32 /home/u758544826/domains/hayfa.app/public_html/core/vendor/laravel/framework/src/Illuminate/Pipeline/Pipeline.php(171): Illuminate\\Foundation\\Http\\Middleware\\ValidatePostSize->handle()
#33 /home/u758544826/domains/hayfa.app/public_html/core/vendor/laravel/framework/src/Illuminate/Foundation/Http/Middleware/CheckForMaintenanceMode.php(63): Illuminate\\Pipeline\\Pipeline->Illuminate\\Pipeline\\{closure}()
#34 /home/u758544826/domains/hayfa.app/public_html/core/vendor/laravel/framework/src/Illuminate/Pipeline/Pipeline.php(171): Illuminate\\Foundation\\Http\\Middleware\\CheckForMaintenanceMode->handle()
#35 /home/u758544826/domains/hayfa.app/public_html/core/vendor/fideloper/proxy/src/TrustProxies.php(57): Illuminate\\Pipeline\\Pipeline->Illuminate\\Pipeline\\{closure}()
#36 /home/u758544826/domains/hayfa.app/public_html/core/vendor/laravel/framework/src/Illuminate/Pipeline/Pipeline.php(171): Fideloper\\Proxy\\TrustProxies->handle()
#37 /home/u758544826/domains/hayfa.app/public_html/core/vendor/laravel/framework/src/Illuminate/Pipeline/Pipeline.php(105): Illuminate\\Pipeline\\Pipeline->Illuminate\\Pipeline\\{closure}()
#38 /home/u758544826/domains/hayfa.app/public_html/core/vendor/laravel/framework/src/Illuminate/Foundation/Http/Kernel.php(145): Illuminate\\Pipeline\\Pipeline->then()
#39 /home/u758544826/domains/hayfa.app/public_html/core/vendor/laravel/framework/src/Illuminate/Foundation/Http/Kernel.php(110): Illuminate\\Foundation\\Http\\Kernel->sendRequestThroughRouter()
#40 /home/u758544826/domains/hayfa.app/public_html/core/public_html/index.php(59): Illuminate\\Foundation\\Http\\Kernel->handle()
#41 {main}

[previous exception] [object] (PDOException(code: HY000): SQLSTATE[HY000]: General error: 1364 Field 'category_id' doesn't have a default value at /home/u758544826/domains/hayfa.app/public_html/core/vendor/laravel/framework/src/Illuminate/Database/Connection.php:463)
[stacktrace]
#0 /home/u758544826/domains/hayfa.app/public_html/core/vendor/laravel/framework/src/Illuminate/Database/Connection.php(463): PDOStatement->execute()
#1 /home/u758544826/domains/hayfa.app/public_html/core/vendor/laravel/framework/src/Illuminate/Database/Connection.php(662): Illuminate\\Database\\Connection->Illuminate\\Database\\{closure}()
#2 /home/u758544826/domains/hayfa.app/public_html/core/vendor/laravel/framework/src/Illuminate/Database/Connection.php(629): Illuminate\\Database\\Connection->runQueryCallback()
#3 /home/u758544826/domains/hayfa.app/public_html/core/vendor/laravel/framework/src/Illuminate/Database/Connection.php(464): Illuminate\\Database\\Connection->run()
#4 /home/u758544826/domains/hayfa.app/public_html/core/vendor/laravel/framework/src/Illuminate/Database/Connection.php(416): Illuminate\\Database\\Connection->statement()
#5 /home/u758544826/domains/hayfa.app/public_html/core/vendor/laravel/framework/src/Illuminate/Database/Query/Processors/Processor.php(32): Illuminate\\Database\\Connection->insert()
#6 /home/u758544826/domains/hayfa.app/public_html/core/vendor/laravel/framework/src/Illuminate/Database/Query/Builder.php(2705): Illuminate\\Database\\Query\\Processors\\Processor->processInsertGetId()
#7 /home/u758544826/domains/hayfa.app/public_html/core/vendor/laravel/framework/src/Illuminate/Database/Eloquent/Builder.php(1385): Illuminate\\Database\\Query\\Builder->insertGetId()
#8 /home/u758544826/domains/hayfa.app/public_html/core/vendor/laravel/framework/src/Illuminate/Database/Eloquent/Model.php(840): Illuminate\\Database\\Eloquent\\Builder->__call()
#9 /home/u758544826/domains/hayfa.app/public_html/core/vendor/laravel/framework/src/Illuminate/Database/Eloquent/Model.php(805): Illuminate\\Database\\Eloquent\\Model->insertAndSetId()
#10 /home/u758544826/domains/hayfa.app/public_html/core/vendor/laravel/framework/src/Illuminate/Database/Eloquent/Model.php(668): Illuminate\\Database\\Eloquent\\Model->performInsert()
#11 /home/u758544826/domains/hayfa.app/public_html/core/app/Http/Controllers/StockFlowerController.php(68): Illuminate\\Database\\Eloquent\\Model->save()
#12 /home/u758544826/domains/hayfa.app/public_html/core/vendor/laravel/framework/src/Illuminate/Routing/Controller.php(54): App\\Http\\Controllers\\StockFlowerController->store()
#13 /home/u758544826/domains/hayfa.app/public_html/core/vendor/laravel/framework/src/Illuminate/Routing/ControllerDispatcher.php(45): Illuminate\\Routing\\Controller->callAction()
#14 /home/u758544826/domains/hayfa.app/public_html/core/vendor/laravel/framework/src/Illuminate/Routing/Route.php(219): Illuminate\\Routing\\ControllerDispatcher->dispatch()
#15 /home/u758544826/domains/hayfa.app/public_html/core/vendor/laravel/framework/src/Illuminate/Routing/Route.php(176): Illuminate\\Routing\\Route->runController()
#16 /home/u758544826/domains/hayfa.app/public_html/core/vendor/laravel/framework/src/Illuminate/Routing/Router.php(681): Illuminate\\Routing\\Route->run()
#17 /home/u758544826/domains/hayfa.app/public_html/core/vendor/laravel/framework/src/Illuminate/Pipeline/Pipeline.php(130): Illuminate\\Routing\\Router->Illuminate\\Routing\\{closure}()
#18 /home/u758544826/domains/hayfa.app/public_html/core/vendor/laravel/framework/src/Illuminate/Routing/Middleware/SubstituteBindings.php(41): Illuminate\\Pipeline\\Pipeline->Illuminate\\Pipeline\\{closure}()
#19 /home/u758544826/domains/hayfa.app/public_html/core/vendor/laravel/framework/src/Illuminate/Pipeline/Pipeline.php(171): Illuminate\\Routing\\Middleware\\SubstituteBindings->handle()
#20 /home/u758544826/domains/hayfa.app/public_html/core/vendor/laravel/framework/src/Illuminate/Routing/Middleware/ThrottleRequests.php(59): Illuminate\\Pipeline\\Pipeline->Illuminate\\Pipeline\\{closure}()
#21 /home/u758544826/domains/hayfa.app/public_html/core/vendor/laravel/framework/src/Illuminate/Pipeline/Pipeline.php(171): Illuminate\\Routing\\Middleware\\ThrottleRequests->handle()
#22 /home/u758544826/domains/hayfa.app/public_html/core/vendor/laravel/framework/src/Illuminate/Pipeline/Pipeline.php(105): Illuminate\\Pipeline\\Pipeline->Illuminate\\Pipeline\\{closure}()
#23 /home/u758544826/domains/hayfa.app/public_html/core/vendor/laravel/framework/src/Illuminate/Routing/Router.php(683): Illuminate\\Pipeline\\Pipeline->then()
#24 /home/u758544826/domains/hayfa.app/public_html/core/vendor/laravel/framework/src/Illuminate/Routing/Router.php(658): Illuminate\\Routing\\Router->runRouteWithinStack()
#25 /home/u758544826/domains/hayfa.app/public_html/core/vendor/laravel/framework/src/Illuminate/Routing/Router.php(624): Illuminate\\Routing\\Router->runRoute()
#26 /home/u758544826/domains/hayfa.app/public_html/core/vendor/laravel/framework/src/Illuminate/Routing/Router.php(613): Illuminate\\Routing\\Router->dispatchToRoute()
#27 /home/u758544826/domains/hayfa.app/public_html/core/vendor/laravel/framework/src/Illuminate/Foundation/Http/Kernel.php(170): Illuminate\\Routing\\Router->dispatch()
#28 /home/u758544826/domains/hayfa.app/public_html/core/vendor/laravel/framework/src/Illuminate/Pipeline/Pipeline.php(130): Illuminate\\Foundation\\Http\\Kernel->Illuminate\\Foundation\\Http\\{closure}()
#29 /home/u758544826/domains/hayfa.app/public_html/core/vendor/laravel/framework/src/Illuminate/Foundation/Http/Middleware/TransformsRequest.php(21): Illuminate\\Pipeline\\Pipeline->Illuminate\\Pipeline\\{closure}()
#30 /home/u758544826/domains/hayfa.app/public_html/core/vendor/laravel/framework/src/Illuminate/Pipeline/Pipeline.php(171): Illuminate\\Foundation\\Http\\Middleware\\TransformsRequest->handle()
#31 /home/u758544826/domains/hayfa.app/public_html/core/vendor/laravel/framework/src/Illuminate/Foundation/Http/Middleware/TransformsRequest.php(21): Illuminate\\Pipeline\\Pipeline->Illuminate\\Pipeline\\{closure}()
#32 /home/u758544826/domains/hayfa.app/public_html/core/vendor/laravel/framework/src/Illuminate/Pipeline/Pipeline.php(171): Illuminate\\Foundation\\Http\\Middleware\\TransformsRequest->handle()
#33 /home/u758544826/domains/hayfa.app/public_html/core/vendor/laravel/framework/src/Illuminate/Foundation/Http/Middleware/ValidatePostSize.php(27): Illuminate\\Pipeline\\Pipeline->Illuminate\\Pipeline\\{closure}()
#34 /home/u758544826/domains/hayfa.app/public_html/core/vendor/laravel/framework/src/Illuminate/Pipeline/Pipeline.php(171): Illuminate\\Foundation\\Http\\Middleware\\ValidatePostSize->handle()
#35 /home/u758544826/domains/hayfa.app/public_html/core/vendor/laravel/framework/src/Illuminate/Foundation/Http/Middleware/CheckForMaintenanceMode.php(63): Illuminate\\Pipeline\\Pipeline->Illuminate\\Pipeline\\{closure}()
#36 /home/u758544826/domains/hayfa.app/public_html/core/vendor/laravel/framework/src/Illuminate/Pipeline/Pipeline.php(171): Illuminate\\Foundation\\Http\\Middleware\\CheckForMaintenanceMode->handle()
#37 /home/u758544826/domains/hayfa.app/public_html/core/vendor/fideloper/proxy/src/TrustProxies.php(57): Illuminate\\Pipeline\\Pipeline->Illuminate\\Pipeline\\{closure}()
#38 /home/u758544826/domains/hayfa.app/public_html/core/vendor/laravel/framework/src/Illuminate/Pipeline/Pipeline.php(171): Fideloper\\Proxy\\TrustProxies->handle()
#39 /home/u758544826/domains/hayfa.app/public_html/core/vendor/laravel/framework/src/Illuminate/Pipeline/Pipeline.php(105): Illuminate\\Pipeline\\Pipeline->Illuminate\\Pipeline\\{closure}()
#40 /home/u758544826/domains/hayfa.app/public_html/core/vendor/laravel/framework/src/Illuminate/Foundation/Http/Kernel.php(145): Illuminate\\Pipeline\\Pipeline->then()
#41 /home/u758544826/domains/hayfa.app/public_html/core/vendor/laravel/framework/src/Illuminate/Foundation/Http/Kernel.php(110): Illuminate\\Foundation\\Http\\Kernel->sendRequestThroughRouter()
#42 /home/u758544826/domains/hayfa.app/public_html/core/public_html/index.php(59): Illuminate\\Foundation\\Http\\Kernel->handle()
#43 {main}
"} 
[2023-09-10 00:31:07] production.INFO: array (
  'name' => 'Flor 1',
  'code' => '21',
  'quantity' => '1',
  'formula' => 'teste',
  'status' => 'true',
  'account_id' => '1',
  'image' => 
  Illuminate\Http\UploadedFile::__set_state(array(
     'test' => false,
     'originalName' => 'insta.png',
     'mimeType' => 'image/png',
     'error' => 0,
     'hashName' => NULL,
  )),
)  
