[2023-09-01 02:28:53] local.ERROR: SQLSTATE[HY000] [1045] Access denied for user 'root'@'127.0.0.1' (using password: NO) (SQL: select * from information_schema.tables where table_schema = hayfa and table_name = migrations and table_type = 'BASE TABLE') {"exception":"[object] (Illuminate\\Database\\QueryException(code: 1045): SQLSTATE[HY000] [1045] Access denied for user 'root'@'127.0.0.1' (using password: NO) (SQL: select * from information_schema.tables where table_schema = hayfa and table_name = migrations and table_type = 'BASE TABLE') at /home/u758544826/domains/hayfa.app/public_html/core/vendor/laravel/framework/src/Illuminate/Database/Connection.php:669)
[stacktrace]
#0 /home/u758544826/domains/hayfa.app/public_html/core/vendor/laravel/framework/src/Illuminate/Database/Connection.php(629): Illuminate\\Database\\Connection->runQueryCallback()
#1 /home/u758544826/domains/hayfa.app/public_html/core/vendor/laravel/framework/src/Illuminate/Database/Connection.php(338): Illuminate\\Database\\Connection->run()
#2 /home/u758544826/domains/hayfa.app/public_html/core/vendor/laravel/framework/src/Illuminate/Database/Schema/MySqlBuilder.php(18): Illuminate\\Database\\Connection->select()
#3 /home/u758544826/domains/hayfa.app/public_html/core/vendor/laravel/framework/src/Illuminate/Database/Migrations/DatabaseMigrationRepository.php(169): Illuminate\\Database\\Schema\\MySqlBuilder->hasTable()
#4 /home/u758544826/domains/hayfa.app/public_html/core/vendor/laravel/framework/src/Illuminate/Database/Migrations/Migrator.php(590): Illuminate\\Database\\Migrations\\DatabaseMigrationRepository->repositoryExists()
#5 /home/u758544826/domains/hayfa.app/public_html/core/vendor/laravel/framework/src/Illuminate/Database/Console/Migrations/MigrateCommand.php(91): Illuminate\\Database\\Migrations\\Migrator->repositoryExists()
#6 /home/u758544826/domains/hayfa.app/public_html/core/vendor/laravel/framework/src/Illuminate/Database/Console/Migrations/MigrateCommand.php(63): Illuminate\\Database\\Console\\Migrations\\MigrateCommand->prepareDatabase()
#7 /home/u758544826/domains/hayfa.app/public_html/core/vendor/laravel/framework/src/Illuminate/Container/BoundMethod.php(36): Illuminate\\Database\\Console\\Migrations\\MigrateCommand->handle()
#8 /home/u758544826/domains/hayfa.app/public_html/core/vendor/laravel/framework/src/Illuminate/Container/Util.php(37): Illuminate\\Container\\BoundMethod::Illuminate\\Container\\{closure}()
#9 /home/u758544826/domains/hayfa.app/public_html/core/vendor/laravel/framework/src/Illuminate/Container/BoundMethod.php(93): Illuminate\\Container\\Util::unwrapIfClosure()
#10 /home/u758544826/domains/hayfa.app/public_html/core/vendor/laravel/framework/src/Illuminate/Container/BoundMethod.php(37): Illuminate\\Container\\BoundMethod::callBoundMethod()
#11 /home/u758544826/domains/hayfa.app/public_html/core/vendor/laravel/framework/src/Illuminate/Container/Container.php(590): Illuminate\\Container\\BoundMethod::call()
#12 /home/u758544826/domains/hayfa.app/public_html/core/vendor/laravel/framework/src/Illuminate/Console/Command.php(134): Illuminate\\Container\\Container->call()
#13 /home/u758544826/domains/hayfa.app/public_html/core/vendor/symfony/console/Command/Command.php(255): Illuminate\\Console\\Command->execute()
#14 /home/u758544826/domains/hayfa.app/public_html/core/vendor/laravel/framework/src/Illuminate/Console/Command.php(121): Symfony\\Component\\Console\\Command\\Command->run()
#15 /home/u758544826/domains/hayfa.app/public_html/core/vendor/symfony/console/Application.php(1021): Illuminate\\Console\\Command->run()
#16 /home/u758544826/domains/hayfa.app/public_html/core/vendor/symfony/console/Application.php(275): Symfony\\Component\\Console\\Application->doRunCommand()
#17 /home/u758544826/domains/hayfa.app/public_html/core/vendor/symfony/console/Application.php(149): Symfony\\Component\\Console\\Application->doRun()
#18 /home/u758544826/domains/hayfa.app/public_html/core/vendor/laravel/framework/src/Illuminate/Console/Application.php(93): Symfony\\Component\\Console\\Application->run()
#19 /home/u758544826/domains/hayfa.app/public_html/core/vendor/laravel/framework/src/Illuminate/Foundation/Console/Kernel.php(131): Illuminate\\Console\\Application->run()
#20 /home/u758544826/domains/hayfa.app/public_html/core/artisan(37): Illuminate\\Foundation\\Console\\Kernel->handle()
#21 {main}

[previous exception] [object] (PDOException(code: 1045): SQLSTATE[HY000] [1045] Access denied for user 'root'@'127.0.0.1' (using password: NO) at /home/u758544826/domains/hayfa.app/public_html/core/vendor/laravel/framework/src/Illuminate/Database/Connectors/Connector.php:70)
[stacktrace]
#0 /home/u758544826/domains/hayfa.app/public_html/core/vendor/laravel/framework/src/Illuminate/Database/Connectors/Connector.php(70): PDO->__construct()
#1 /home/u758544826/domains/hayfa.app/public_html/core/vendor/laravel/framework/src/Illuminate/Database/Connectors/Connector.php(46): Illuminate\\Database\\Connectors\\Connector->createPdoConnection()
#2 /home/u758544826/domains/hayfa.app/public_html/core/vendor/laravel/framework/src/Illuminate/Database/Connectors/MySqlConnector.php(24): Illuminate\\Database\\Connectors\\Connector->createConnection()
#3 /home/u758544826/domains/hayfa.app/public_html/core/vendor/laravel/framework/src/Illuminate/Database/Connectors/ConnectionFactory.php(182): Illuminate\\Database\\Connectors\\MySqlConnector->connect()
#4 [internal function]: Illuminate\\Database\\Connectors\\ConnectionFactory->Illuminate\\Database\\Connectors\\{closure}()
#5 /home/u758544826/domains/hayfa.app/public_html/core/vendor/laravel/framework/src/Illuminate/Database/Connection.php(924): call_user_func()
#6 /home/u758544826/domains/hayfa.app/public_html/core/vendor/laravel/framework/src/Illuminate/Database/Connection.php(959): Illuminate\\Database\\Connection->getPdo()
#7 /home/u758544826/domains/hayfa.app/public_html/core/vendor/laravel/framework/src/Illuminate/Database/Connection.php(404): Illuminate\\Database\\Connection->getReadPdo()
#8 /home/u758544826/domains/hayfa.app/public_html/core/vendor/laravel/framework/src/Illuminate/Database/Connection.php(330): Illuminate\\Database\\Connection->getPdoForSelect()
#9 /home/u758544826/domains/hayfa.app/public_html/core/vendor/laravel/framework/src/Illuminate/Database/Connection.php(662): Illuminate\\Database\\Connection->Illuminate\\Database\\{closure}()
#10 /home/u758544826/domains/hayfa.app/public_html/core/vendor/laravel/framework/src/Illuminate/Database/Connection.php(629): Illuminate\\Database\\Connection->runQueryCallback()
#11 /home/u758544826/domains/hayfa.app/public_html/core/vendor/laravel/framework/src/Illuminate/Database/Connection.php(338): Illuminate\\Database\\Connection->run()
#12 /home/u758544826/domains/hayfa.app/public_html/core/vendor/laravel/framework/src/Illuminate/Database/Schema/MySqlBuilder.php(18): Illuminate\\Database\\Connection->select()
#13 /home/u758544826/domains/hayfa.app/public_html/core/vendor/laravel/framework/src/Illuminate/Database/Migrations/DatabaseMigrationRepository.php(169): Illuminate\\Database\\Schema\\MySqlBuilder->hasTable()
#14 /home/u758544826/domains/hayfa.app/public_html/core/vendor/laravel/framework/src/Illuminate/Database/Migrations/Migrator.php(590): Illuminate\\Database\\Migrations\\DatabaseMigrationRepository->repositoryExists()
#15 /home/u758544826/domains/hayfa.app/public_html/core/vendor/laravel/framework/src/Illuminate/Database/Console/Migrations/MigrateCommand.php(91): Illuminate\\Database\\Migrations\\Migrator->repositoryExists()
#16 /home/u758544826/domains/hayfa.app/public_html/core/vendor/laravel/framework/src/Illuminate/Database/Console/Migrations/MigrateCommand.php(63): Illuminate\\Database\\Console\\Migrations\\MigrateCommand->prepareDatabase()
#17 /home/u758544826/domains/hayfa.app/public_html/core/vendor/laravel/framework/src/Illuminate/Container/BoundMethod.php(36): Illuminate\\Database\\Console\\Migrations\\MigrateCommand->handle()
#18 /home/u758544826/domains/hayfa.app/public_html/core/vendor/laravel/framework/src/Illuminate/Container/Util.php(37): Illuminate\\Container\\BoundMethod::Illuminate\\Container\\{closure}()
#19 /home/u758544826/domains/hayfa.app/public_html/core/vendor/laravel/framework/src/Illuminate/Container/BoundMethod.php(93): Illuminate\\Container\\Util::unwrapIfClosure()
#20 /home/u758544826/domains/hayfa.app/public_html/core/vendor/laravel/framework/src/Illuminate/Container/BoundMethod.php(37): Illuminate\\Container\\BoundMethod::callBoundMethod()
#21 /home/u758544826/domains/hayfa.app/public_html/core/vendor/laravel/framework/src/Illuminate/Container/Container.php(590): Illuminate\\Container\\BoundMethod::call()
#22 /home/u758544826/domains/hayfa.app/public_html/core/vendor/laravel/framework/src/Illuminate/Console/Command.php(134): Illuminate\\Container\\Container->call()
#23 /home/u758544826/domains/hayfa.app/public_html/core/vendor/symfony/console/Command/Command.php(255): Illuminate\\Console\\Command->execute()
#24 /home/u758544826/domains/hayfa.app/public_html/core/vendor/laravel/framework/src/Illuminate/Console/Command.php(121): Symfony\\Component\\Console\\Command\\Command->run()
#25 /home/u758544826/domains/hayfa.app/public_html/core/vendor/symfony/console/Application.php(1021): Illuminate\\Console\\Command->run()
#26 /home/u758544826/domains/hayfa.app/public_html/core/vendor/symfony/console/Application.php(275): Symfony\\Component\\Console\\Application->doRunCommand()
#27 /home/u758544826/domains/hayfa.app/public_html/core/vendor/symfony/console/Application.php(149): Symfony\\Component\\Console\\Application->doRun()
#28 /home/u758544826/domains/hayfa.app/public_html/core/vendor/laravel/framework/src/Illuminate/Console/Application.php(93): Symfony\\Component\\Console\\Application->run()
#29 /home/u758544826/domains/hayfa.app/public_html/core/vendor/laravel/framework/src/Illuminate/Foundation/Console/Kernel.php(131): Illuminate\\Console\\Application->run()
#30 /home/u758544826/domains/hayfa.app/public_html/core/artisan(37): Illuminate\\Foundation\\Console\\Kernel->handle()
#31 {main}
"} 
